<?xml version="1.0" encoding="UTF-8"?>
<testng-results ignored="0" total="1" passed="1" failed="0" skipped="0">
  <reporter-output>
  </reporter-output>
  <suite started-at="2023-10-21T21:21:50 IST" name="Default suite" finished-at="2023-10-21T21:22:26 IST" duration-ms="36329">
    <groups>
    </groups>
    <test started-at="2023-10-21T21:21:50 IST" name="Default test" finished-at="2023-10-21T21:22:26 IST" duration-ms="36329">
      <class name="test.basicstest">
        <test-method is-config="true" signature="setup()[pri:0, instance:test.basicstest@54c5a2ff]" started-at="2023-10-21T21:21:50 IST" name="setup" finished-at="2023-10-21T21:21:54 IST" duration-ms="4586" status="PASS">
          <reporter-output>
          </reporter-output>
        </test-method> <!-- setup -->
        <test-method signature="login()[pri:0, instance:test.basicstest@54c5a2ff]" started-at="2023-10-21T21:21:54 IST" name="login" finished-at="2023-10-21T21:22:26 IST" duration-ms="31683" status="PASS">
          <reporter-output>
          </reporter-output>
        </test-method> <!-- login -->
      </class> <!-- test.basicstest -->
    </test> <!-- Default test -->
  </suite> <!-- Default suite -->
</testng-results>
